<?xml version="1.0" encoding="UTF-8"?>
<!-- Generated by org.testng.reporters.JUnitXMLReporter -->
<testsuite hostname="DESKTOP-L5FLRLQ" ignored="2" name="Test" tests="2" failures="0" timestamp="2021-06-29T16:10:44 IST" time="274.607" errors="0">
  <testcase name="CreateContact" time="27.52" classname="TestCases.TestCase1"/>
  <testcase name="checkAddNewEmailbutton" time="47.578" classname="TestCases.CheckAddNewEmailbutton"/>
  <testcase name="@BeforeSuite beforeSuite" time="0.0" classname="FrameworkAnnotations.FrameAnnotations">
    <ignored/>
  </testcase> <!-- @BeforeSuite beforeSuite -->
  <testcase name="@AfterSuite afterSuite" time="0.0" classname="FrameworkAnnotations.FrameAnnotations">
    <ignored/>
  </testcase> <!-- @AfterSuite afterSuite -->
</testsuite> <!-- Test -->
